Flutter crash report.
Please report a bug at https://github.com/flutter/flutter/issues.

## command

flutter --quiet assemble --no-version-check --depfile D:\Project\Zetta_Git\kdex_app\build\app\intermediates\flutter\debug/flutter_build.d --output D:\Project\Zetta_Git\kdex_app\build\app\intermediates\flutter\debug -dTargetFile=D:\Project\Zetta_Git\kdex_app\lib\main.dart -dTargetPlatform=android -dBuildMode=debug -dTrackWidgetCreation=true --DartDefines=RkxVVFRFUl9WRVJTSU9OPTMuMzIuNA==,RkxVVFRFUl9DSEFOTkVMPXN0YWJsZQ==,RkxVVFRFUl9HSVRfVVJMPWh0dHBzOi8vZ2l0aHViLmNvbS9mbHV0dGVyL2ZsdXR0ZXIuZ2l0,RkxVVFRFUl9GUkFNRVdPUktfUkVWSVNJT049NmZiYTI0NDdlOQ==,RkxVVFRFUl9FTkdJTkVfUkVWSVNJT049OGNkMTllNTA5ZA==,RkxVVFRFUl9EQVJUX1ZFUlNJT049My44LjE= -dFlavor= -dAndroidArchs=android-arm64 -dMinSdkVersion=21 debug_android_application

## exception

PathAccessException: PathAccessException: Cannot delete file, path = 'D:\Project\Zetta_Git\kdex_app\.dart_tool\flutter_build\705afa27d066c2f5d2d05523267c3cd6\debug_android_application.stamp' (OS Error: 액세스가 거부되었습니다.
, errno = 5)

```
#0      _File.throwIfError (dart:io/file_impl.dart:782:7)
#1      _File._deleteSync (dart:io/file_impl.dart:367:5)
#2      FileSystemEntity.deleteSync (dart:io/file_system_entity.dart:425:7)
#3      ForwardingFileSystemEntity.deleteSync (package:file/src/forwarding/forwarding_file_system_entity.dart:70:16)
#4      ForwardingFileSystemEntity.deleteSync (package:file/src/forwarding/forwarding_file_system_entity.dart:70:16)
#5      ErrorHandlingFileSystem.deleteIfExists (package:flutter_tools/src/base/error_handling_io.dart:90:14)
#6      Target.clearStamp (package:flutter_tools/src/build_system/build_system.dart:176:29)
#7      _BuildInstance._invokeInternal (package:flutter_tools/src/build_system/build_system.dart:900:19)
<asynchronous suspension>
#8      FlutterBuildSystem.build (package:flutter_tools/src/build_system/build_system.dart:629:16)
<asynchronous suspension>
#9      AssembleCommand.runCommand (package:flutter_tools/src/commands/assemble.dart:346:32)
<asynchronous suspension>
#10     FlutterCommand.run.<anonymous closure> (package:flutter_tools/src/runner/flutter_command.dart:1563:27)
<asynchronous suspension>
#11     AppContext.run.<anonymous closure> (package:flutter_tools/src/base/context.dart:154:19)
<asynchronous suspension>
#12     CommandRunner.runCommand (package:args/command_runner.dart:212:13)
<asynchronous suspension>
#13     FlutterCommandRunner.runCommand.<anonymous closure> (package:flutter_tools/src/runner/flutter_command_runner.dart:494:9)
<asynchronous suspension>
#14     AppContext.run.<anonymous closure> (package:flutter_tools/src/base/context.dart:154:19)
<asynchronous suspension>
#15     FlutterCommandRunner.runCommand (package:flutter_tools/src/runner/flutter_command_runner.dart:431:5)
<asynchronous suspension>
#16     run.<anonymous closure>.<anonymous closure> (package:flutter_tools/runner.dart:98:11)
<asynchronous suspension>
#17     AppContext.run.<anonymous closure> (package:flutter_tools/src/base/context.dart:154:19)
<asynchronous suspension>
#18     main (package:flutter_tools/executable.dart:102:3)
<asynchronous suspension>
```

## flutter doctor

```
[✓] Flutter (Channel stable, 3.32.4, on Microsoft Windows [Version 10.0.18363.592], locale ko-KR) [1,890ms]
    • Flutter version 3.32.4 on channel stable at D:\Install\flutter_3.32.4
    • Upstream repository https://github.com/flutter/flutter.git
    • Framework revision 6fba2447e9 (5 months ago), 2025-06-12 19:03:56 -0700
    • Engine revision 8cd19e509d
    • Dart version 3.8.1
    • DevTools version 2.45.1

[✓] Windows Version (10 Pro 64비트, 1909) [8.7s]

[✓] Android toolchain - develop for Android devices (Android SDK version 36.0.0) [8.2s]
    • Android SDK at C:\Users\zetta\AppData\Local\Android\sdk
    • Platform android-36, build-tools 36.0.0
    • Java binary at: D:\Install\AndroidStudio\jbr\bin\java
      This is the JDK bundled with the latest Android Studio installation on this machine.
      To manually set the JDK path, use: `flutter config --jdk-dir="path/to/jdk"`.
    • Java version OpenJDK Runtime Environment (build 21.0.6+-13368085-b895.109)
    • All Android licenses accepted.

[✓] Chrome - develop for the web [1,004ms]
    • Chrome at C:\Program Files\Google\Chrome\Application\chrome.exe

[✗] Visual Studio - develop Windows apps [1,001ms]
    ✗ Visual Studio not installed; this is necessary to develop Windows apps.
      Download at https://visualstudio.microsoft.com/downloads/.
      Please install the "Desktop development with C++" workload, including all of its default components

[✓] Android Studio (version 2024.3.2) [42ms]
    • Android Studio at D:\Install\AndroidStudio
    • Flutter plugin can be installed from:
      🔨 https://plugins.jetbrains.com/plugin/9212-flutter
    • Dart plugin can be installed from:
      🔨 https://plugins.jetbrains.com/plugin/6351-dart
    • Java version OpenJDK Runtime Environment (build 21.0.6+-13368085-b895.109)

[✓] Connected device (3 available) [1,275ms]
    • SM F711N (mobile) • R3CRA06GAZZ • android-arm64  • Android 12 (API 32)
    • Windows (desktop) • windows     • windows-x64    • Microsoft Windows [Version 10.0.18363.592]
    • Chrome (web)      • chrome      • web-javascript • Google Chrome 141.0.7390.123

[✓] Network resources [614ms]
    • All expected network resources are available.

! Doctor found issues in 1 category.
```
